{
  "RSpec": {
    "coverage": {
      "/home/colorful-domain-5037/tic-tac-toe-rb-online-web-sp-000/lib/tic_tac_toe.rb": [
        null,
        1,
        null,
        null,
        null,
        null,
        null,
        null,
        null,
        null,
        null,
        1,
        6,
        6,
        6,
        6,
        6,
        null,
        null,
        1,
        950,
        null,
        null,
        1,
        6,
        6,
        null,
        null,
        1,
        950,
        6,
        null,
        null,
        null,
        null,
        1,
        950,
        944,
        6,
        6,
        null,
        null,
        null,
        1,
        951,
        950,
        950,
        950,
        6,
        6,
        null,
        944,
        null,
        null,
        null,
        1,
        3,
        3,
        null,
        null,
        1,
        0,
        0,
        0,
        null,
        0,
        null,
        null,
        null,
        1,
        0,
        0,
        0,
        0,
        null,
        0,
        null,
        null,
        null,
        1,
        0,
        null,
        null,
        1,
        0,
        null,
        null,
        1,
        0,
        null,
        null,
        1,
        0,
        0,
        0,
        0,
        null,
        null,
        null,
        null,
        null,
        1,
        4,
        4,
        7,
        null,
        null
      ]
    },
    "timestamp": 1586629467
  }
}
