{
  "RSpec": {
    "coverage": {
      "/home/colorful-domain-5037/tic-tac-toe-rb-online-web-sp-000/lib/tic_tac_toe.rb": [
        null,
        1,
        null,
        null,
        null,
        null,
        null,
        null,
        null,
        null,
        null,
        1,
        11,
        11,
        11,
        11,
        11,
        null,
        null,
        1,
        11,
        null,
        null,
        1,
        11,
        11,
        null,
        null,
        1,
        11,
        11,
        null,
        null,
        null,
        null,
        1,
        11,
        0,
        11,
        11,
        null,
        null,
        null,
        1,
        11,
        11,
        11,
        11,
        11,
        11,
        null,
        0,
        null,
        null,
        null,
        1,
        11,
        11,
        null,
        null,
        1,
        11,
        11,
        7,
        null,
        4,
        null,
        null,
        null,
        1,
        20,
        122,
        122,
        122,
        null,
        122,
        null,
        null,
        null,
        1,
        25,
        null,
        null,
        1,
        4,
        null,
        null,
        1,
        11,
        null,
        null,
        1,
        10,
        10,
        3,
        3,
        null,
        null,
        null,
        null,
        null,
        1,
        11,
        11,
        3,
        null,
        8,
        null,
        null
      ]
    },
    "timestamp": 1586632084
  }
}
